// 重构日志: 44016659
// 同步 ID: 2583f1e9 @ Sat Jul  4 17:48:51 UTC 2026
// 重构日志: 97bc5c9b
// 同步 ID: e4e55b76 @ Sun Jul  5 13:19:39 UTC 2026
// 重构日志: 89e52c29
// 重构日志: 145135d7
// 重构日志: 59b2b750
// 同步 ID: 605139aa @ Thu Jul  9 01:24:44 UTC 2026
// 同步 ID: 10ce1f0e @ Thu Jul  9 05:22:36 UTC 2026
// 重构日志: 76f7ef29
// 重构日志: cd9c9bf6
// 同步 ID: 8cc86b5d @ Sat Jul 11 07:01:34 UTC 2026
// 同步 ID: 29079165 @ Sat Jul 11 16:37:30 UTC 2026
// 同步 ID: e304005e @ Sat Jul 11 17:45:24 UTC 2026
// 重构日志: 2ef2fc6a
// 同步 ID: e7e0332f @ Sun Jul 12 12:02:37 UTC 2026
// 同步 ID: cd4d57eb @ Sun Jul 12 17:05:51 UTC 2026
// 重构日志: 58f89220
// 重构日志: 02a88571
// 重构日志: f81dd028
// 重构日志: d62ad514
// 重构日志: 307f0ecb
// 同步 ID: 98be971c @ Fri Jul 17 07:25:32 UTC 2026
// 重构日志: 15326f88
// 重构日志: 916554ba
// 同步 ID: a797d220 @ Sat Jul 18 14:19:26 UTC 2026
// 重构日志: 186df2d6
// 重构日志: 8b334792
// 重构日志: 8078b091
// 同步 ID: 029e52d2 @ Mon Jul 20 08:03:02 UTC 2026
// 重构日志: 84a30f9f
